 [LOGGER] 2025-03-08 01:22:19.052 AM error : uncaughtException: listen EADDRINUSE: address already in use :::3000
Error: listen EADDRINUSE: address already in use :::3000
    at Server.setupListenHandle [as _listen2] (node:net:1912:16)
    at listenInCluster (node:net:1969:12)
    at Server.listen (node:net:2074:7)
    at Function.listen (D:\PORTOFOLIO-WEB\Pos-App-Dindrahijab\backend\node_modules\express\lib\application.js:635:24)
    at file:///D:/PORTOFOLIO-WEB/Pos-App-Dindrahijab/backend/src/index.js:9:5
    at ModuleJob.run (node:internal/modules/esm/module_job:271:25)
    at async onImport.tracePromise.__proto__ (node:internal/modules/esm/loader:547:26)
    at async asyncRunEntryPointWithESMLoader (node:internal/modules/run_main:116:5)
 [LOGGER] 2025-03-08 01:22:24.282 AM error : uncaughtException: listen EADDRINUSE: address already in use :::3000
Error: listen EADDRINUSE: address already in use :::3000
    at Server.setupListenHandle [as _listen2] (node:net:1912:16)
    at listenInCluster (node:net:1969:12)
    at Server.listen (node:net:2074:7)
    at Function.listen (D:\PORTOFOLIO-WEB\Pos-App-Dindrahijab\backend\node_modules\express\lib\application.js:635:24)
    at file:///D:/PORTOFOLIO-WEB/Pos-App-Dindrahijab/backend/src/index.js:9:5
    at ModuleJob.run (node:internal/modules/esm/module_job:271:25)
    at async onImport.tracePromise.__proto__ (node:internal/modules/esm/loader:547:26)
    at async asyncRunEntryPointWithESMLoader (node:internal/modules/run_main:116:5)
 [LOGGER] 2025-03-08 01:23:36.322 AM error : controllers/kategoriController.js:getAllCategory -res.status is not a function
 [LOGGER] 2025-03-08 01:23:36.326 AM error : uncaughtException: res.status is not a function
TypeError: res.status is not a function
    at getAllCategory (file:///D:/PORTOFOLIO-WEB/Pos-App-Dindrahijab/backend/src/controllers/kategoriController.js:20:16)
 [LOGGER] 2025-03-08 02:43:31.460 AM error : uncaughtException: error.logger is not a function
TypeError: error.logger is not a function
    at createCategory (file:///D:/PORTOFOLIO-WEB/Pos-App-Dindrahijab/backend/src/controllers/kategoriController.js:67:11)
 [LOGGER] 2025-03-08 04:31:22.054 PM error : JWT Verify Error:
 [LOGGER] 2025-03-08 04:31:22.082 PM error : controllers/userController.js:setRefreshToken - 
Invalid `prisma.user.findUnique()` invocation:

{
  where: {
    userName: undefined,
?   id?: Int,
?   AND?: UserWhereInput | UserWhereInput[],
?   OR?: UserWhereInput[],
?   NOT?: UserWhereInput | UserWhereInput[],
?   password?: StringFilter | String,
?   name?: StringFilter | String,
?   role?: StringFilter | String,
?   Carts?: CartsListRelationFilter,
?   Orders?: OrdersListRelationFilter,
?   Orderreturn?: OrderreturnListRelationFilter,
?   Purchase?: PurchaseListRelationFilter
  }
}

Argument `where` of type UserWhereUniqueInput needs at least one of `id` or `userName` arguments. Available options are marked with ?.
 [LOGGER] 2025-03-08 04:33:12.472 PM error : JWT Verify Error:
 [LOGGER] 2025-03-08 04:33:12.480 PM error : controllers/userController.js:setRefreshToken - 
Invalid `prisma.user.findUnique()` invocation:

{
  where: {
    userName: undefined,
?   id?: Int,
?   AND?: UserWhereInput | UserWhereInput[],
?   OR?: UserWhereInput[],
?   NOT?: UserWhereInput | UserWhereInput[],
?   password?: StringFilter | String,
?   name?: StringFilter | String,
?   role?: StringFilter | String,
?   Carts?: CartsListRelationFilter,
?   Orders?: OrdersListRelationFilter,
?   Orderreturn?: OrderreturnListRelationFilter,
?   Purchase?: PurchaseListRelationFilter
  }
}

Argument `where` of type UserWhereUniqueInput needs at least one of `id` or `userName` arguments. Available options are marked with ?.
 [LOGGER] 2025-03-08 04:38:47.014 PM error : JWT Verify Error:
 [LOGGER] 2025-03-08 05:32:10.883 PM error : JWT Verify Error:
 [LOGGER] 2025-03-08 05:39:42.224 PM error : JWT Verify Error:
 [LOGGER] 2025-03-08 05:41:43.218 PM error : JWT Verify Error:
 [LOGGER] 2025-03-08 05:42:29.344 PM error : JWT Verify Error:
 [LOGGER] 2025-03-08 05:42:29.365 PM error : controllers/user.controller.js:setRefreshToken - 
Invalid `prisma.user.findUnique()` invocation:

{
  where: {
    userName: undefined,
?   id?: Int,
?   AND?: UserWhereInput | UserWhereInput[],
?   OR?: UserWhereInput[],
?   NOT?: UserWhereInput | UserWhereInput[],
?   password?: StringFilter | String,
?   name?: StringFilter | String,
?   role?: StringFilter | String,
?   Carts?: CartsListRelationFilter,
?   Orders?: OrdersListRelationFilter,
?   Orderreturn?: OrderreturnListRelationFilter,
?   Purchase?: PurchaseListRelationFilter
  }
}

Argument `where` of type UserWhereUniqueInput needs at least one of `id` or `userName` arguments. Available options are marked with ?.
 [LOGGER] 2025-03-08 05:42:39.645 PM error : JWT Verify Error:
 [LOGGER] 2025-03-08 05:42:50.391 PM error : JWT Verify Error:
 [LOGGER] 2025-03-08 05:44:39.994 PM error : JWT Verify Error:
 [LOGGER] 2025-03-08 05:45:25.699 PM error : JWT Verify Error:
 [LOGGER] 2025-03-08 05:48:18.477 PM error : JWT Verify Error:
 [LOGGER] 2025-03-08 05:49:59.267 PM error : JWT Verify Error:
 [LOGGER] 2025-03-08 11:59:37.302 PM error : JWT Verify Error:
