 [LOGGER] 2025-03-04 04:25:48.139 PM error : uncaughtException: listen EADDRINUSE: address already in use :::3000
Error: listen EADDRINUSE: address already in use :::3000
    at Server.setupListenHandle [as _listen2] (node:net:1912:16)
    at listenInCluster (node:net:1969:12)
    at Server.listen (node:net:2074:7)
    at Function.listen (D:\PORTOFOLIO-WEB\Pos-App-Dindrahijab\backend\node_modules\express\lib\application.js:635:24)
    at file:///D:/PORTOFOLIO-WEB/Pos-App-Dindrahijab/backend/src/index.js:9:5
    at ModuleJob.run (node:internal/modules/esm/module_job:271:25)
    at async onImport.tracePromise.__proto__ (node:internal/modules/esm/loader:547:26)
    at async asyncRunEntryPointWithESMLoader (node:internal/modules/run_main:116:5)
 [LOGGER] 2025-03-04 04:26:01.961 PM error : uncaughtException: listen EADDRINUSE: address already in use :::3000
Error: listen EADDRINUSE: address already in use :::3000
    at Server.setupListenHandle [as _listen2] (node:net:1912:16)
    at listenInCluster (node:net:1969:12)
    at Server.listen (node:net:2074:7)
    at Function.listen (D:\PORTOFOLIO-WEB\Pos-App-Dindrahijab\backend\node_modules\express\lib\application.js:635:24)
    at file:///D:/PORTOFOLIO-WEB/Pos-App-Dindrahijab/backend/src/index.js:9:5
    at ModuleJob.run (node:internal/modules/esm/module_job:271:25)
    at async onImport.tracePromise.__proto__ (node:internal/modules/esm/loader:547:26)
    at async asyncRunEntryPointWithESMLoader (node:internal/modules/run_main:116:5)
 [LOGGER] 2025-03-04 04:27:11.961 PM error : uncaughtException: listen EADDRINUSE: address already in use :::3000
Error: listen EADDRINUSE: address already in use :::3000
    at Server.setupListenHandle [as _listen2] (node:net:1912:16)
    at listenInCluster (node:net:1969:12)
    at Server.listen (node:net:2074:7)
    at Function.listen (D:\PORTOFOLIO-WEB\Pos-App-Dindrahijab\backend\node_modules\express\lib\application.js:635:24)
    at file:///D:/PORTOFOLIO-WEB/Pos-App-Dindrahijab/backend/src/index.js:9:5
    at ModuleJob.run (node:internal/modules/esm/module_job:271:25)
    at async onImport.tracePromise.__proto__ (node:internal/modules/esm/loader:547:26)
    at async asyncRunEntryPointWithESMLoader (node:internal/modules/run_main:116:5)
 [LOGGER] 2025-03-04 04:28:11.041 PM error : uncaughtException: listen EADDRINUSE: address already in use :::3000
Error: listen EADDRINUSE: address already in use :::3000
    at Server.setupListenHandle [as _listen2] (node:net:1912:16)
    at listenInCluster (node:net:1969:12)
    at Server.listen (node:net:2074:7)
    at Function.listen (D:\PORTOFOLIO-WEB\Pos-App-Dindrahijab\backend\node_modules\express\lib\application.js:635:24)
    at file:///D:/PORTOFOLIO-WEB/Pos-App-Dindrahijab/backend/src/index.js:9:5
    at ModuleJob.run (node:internal/modules/esm/module_job:271:25)
    at async onImport.tracePromise.__proto__ (node:internal/modules/esm/loader:547:26)
    at async asyncRunEntryPointWithESMLoader (node:internal/modules/run_main:116:5)
 [LOGGER] 2025-03-04 04:28:17.180 PM error : uncaughtException: listen EADDRINUSE: address already in use :::3000
Error: listen EADDRINUSE: address already in use :::3000
    at Server.setupListenHandle [as _listen2] (node:net:1912:16)
    at listenInCluster (node:net:1969:12)
    at Server.listen (node:net:2074:7)
    at Function.listen (D:\PORTOFOLIO-WEB\Pos-App-Dindrahijab\backend\node_modules\express\lib\application.js:635:24)
    at file:///D:/PORTOFOLIO-WEB/Pos-App-Dindrahijab/backend/src/index.js:9:5
    at ModuleJob.run (node:internal/modules/esm/module_job:271:25)
    at async onImport.tracePromise.__proto__ (node:internal/modules/esm/loader:547:26)
    at async asyncRunEntryPointWithESMLoader (node:internal/modules/run_main:116:5)
